<?xml version="1.0" encoding="UTF-8"?>
<coverage generated="1729890040986" clover="3.2.0">
  <project timestamp="1729890040987" name="All files">
    <metrics statements="128" coveredstatements="118" conditionals="53" coveredconditionals="38" methods="35" coveredmethods="31" elements="216" coveredelements="187" complexity="0" loc="128" ncloc="128" packages="1" files="4" classes="4"/>
    <file name="events.ts" path="C:\lesson9\src\events.ts">
      <metrics statements="37" coveredstatements="36" conditionals="8" coveredconditionals="5" methods="10" coveredmethods="9"/>
      <line num="2" count="1" type="stmt"/>
      <line num="4" count="1" type="stmt"/>
      <line num="8" count="7" type="stmt"/>
      <line num="9" count="7" type="stmt"/>
      <line num="10" count="7" type="stmt"/>
      <line num="11" count="7" type="stmt"/>
      <line num="12" count="7" type="stmt"/>
      <line num="16" count="7" type="stmt"/>
      <line num="17" count="7" type="cond" truecount="0" falsecount="1"/>
      <line num="19" count="7" type="stmt"/>
      <line num="20" count="2" type="stmt"/>
      <line num="21" count="2" type="cond" truecount="1" falsecount="0"/>
      <line num="22" count="1" type="stmt"/>
      <line num="23" count="1" type="stmt"/>
      <line num="24" count="1" type="stmt"/>
      <line num="25" count="1" type="stmt"/>
      <line num="26" count="1" type="stmt"/>
      <line num="32" count="7" type="stmt"/>
      <line num="33" count="7" type="cond" truecount="0" falsecount="1"/>
      <line num="35" count="7" type="stmt"/>
      <line num="36" count="2" type="cond" truecount="1" falsecount="0"/>
      <line num="38" count="1" type="stmt"/>
      <line num="39" count="0" type="stmt"/>
      <line num="45" count="7" type="stmt"/>
      <line num="46" count="7" type="cond" truecount="0" falsecount="1"/>
      <line num="48" count="7" type="stmt"/>
      <line num="49" count="1" type="stmt"/>
      <line num="50" count="1" type="cond" truecount="1" falsecount="0"/>
      <line num="51" count="1" type="stmt"/>
      <line num="52" count="1" type="stmt"/>
      <line num="54" count="1" type="stmt"/>
      <line num="59" count="8" type="stmt"/>
      <line num="60" count="8" type="cond" truecount="2" falsecount="0"/>
      <line num="61" count="7" type="stmt"/>
      <line num="62" count="1" type="stmt"/>
      <line num="63" count="1" type="stmt"/>
      <line num="66" count="1" type="stmt"/>
    </file>
    <file name="gameOfLife.ts" path="C:\lesson9\src\gameOfLife.ts">
      <metrics statements="68" coveredstatements="60" conditionals="22" coveredconditionals="15" methods="18" coveredmethods="15"/>
      <line num="1" count="1" type="stmt"/>
      <line num="2" count="1" type="stmt"/>
      <line num="4" count="1" type="stmt"/>
      <line num="9" count="10" type="stmt"/>
      <line num="10" count="10" type="stmt"/>
      <line num="11" count="10" type="stmt"/>
      <line num="15" count="19" type="stmt"/>
      <line num="17" count="4" type="stmt"/>
      <line num="18" count="40" type="stmt"/>
      <line num="19" count="400" type="stmt"/>
      <line num="21" count="400" type="cond" truecount="4" falsecount="0"/>
      <line num="22" count="10" type="cond" truecount="3" falsecount="0"/>
      <line num="23" count="2" type="stmt"/>
      <line num="25" count="390" type="cond" truecount="4" falsecount="0"/>
      <line num="26" count="3" type="stmt"/>
      <line num="31" count="4" type="stmt"/>
      <line num="32" count="4" type="stmt"/>
      <line num="58" count="16" type="stmt"/>
      <line num="59" count="16" type="cond" truecount="0" falsecount="1"/>
      <line num="60" count="16" type="stmt"/>
      <line num="61" count="16" type="stmt"/>
      <line num="62" count="16" type="stmt"/>
      <line num="63" count="139" type="stmt"/>
      <line num="64" count="139" type="stmt"/>
      <line num="65" count="1327" type="stmt"/>
      <line num="66" count="1327" type="cond" truecount="2" falsecount="0"/>
      <line num="67" count="1327" type="stmt"/>
      <line num="69" count="139" type="stmt"/>
      <line num="71" count="16" type="stmt"/>
      <line num="75" count="0" type="stmt"/>
      <line num="76" count="0" type="stmt"/>
      <line num="80" count="10" type="stmt"/>
      <line num="81" count="10" type="cond" truecount="0" falsecount="1"/>
      <line num="83" count="10" type="stmt"/>
      <line num="84" count="2" type="stmt"/>
      <line num="85" count="2" type="cond" truecount="1" falsecount="0"/>
      <line num="86" count="1" type="stmt"/>
      <line num="89" count="1" type="stmt"/>
      <line num="90" count="1" type="stmt"/>
      <line num="91" count="1" type="stmt"/>
      <line num="92" count="1" type="stmt"/>
      <line num="98" count="11" type="stmt"/>
      <line num="99" count="11" type="cond" truecount="0" falsecount="1"/>
      <line num="101" count="11" type="stmt"/>
      <line num="102" count="4" type="cond" truecount="1" falsecount="0"/>
      <line num="104" count="2" type="stmt"/>
      <line num="105" count="0" type="stmt"/>
      <line num="111" count="10" type="stmt"/>
      <line num="112" count="10" type="cond" truecount="0" falsecount="1"/>
      <line num="114" count="10" type="stmt"/>
      <line num="115" count="1" type="stmt"/>
      <line num="116" count="1" type="cond" truecount="0" falsecount="1"/>
      <line num="117" count="0" type="stmt"/>
      <line num="118" count="0" type="stmt"/>
      <line num="120" count="1" type="stmt"/>
      <line num="125" count="10" type="stmt"/>
      <line num="126" count="10" type="cond" truecount="0" falsecount="1"/>
      <line num="128" count="10" type="stmt"/>
      <line num="129" count="1" type="stmt"/>
      <line num="130" count="1" type="cond" truecount="0" falsecount="1"/>
      <line num="131" count="0" type="stmt"/>
      <line num="132" count="0" type="stmt"/>
      <line num="133" count="0" type="stmt"/>
      <line num="140" count="10" type="stmt"/>
      <line num="141" count="10" type="stmt"/>
      <line num="142" count="10" type="stmt"/>
      <line num="143" count="10" type="stmt"/>
      <line num="144" count="10" type="stmt"/>
    </file>
    <file name="grid.ts" path="C:\lesson9\src\grid.ts">
      <metrics statements="13" coveredstatements="13" conditionals="7" coveredconditionals="7" methods="6" coveredmethods="6"/>
      <line num="4" count="2" type="stmt"/>
      <line num="8" count="14" type="stmt"/>
      <line num="12" count="170" type="stmt"/>
      <line num="16" count="12" type="cond" truecount="2" falsecount="0"/>
      <line num="20" count="404" type="stmt"/>
      <line num="31" count="404" type="stmt"/>
      <line num="33" count="404" type="stmt"/>
      <line num="34" count="3232" type="stmt"/>
      <line num="35" count="3232" type="stmt"/>
      <line num="36" count="3232" type="cond" truecount="1" falsecount="0"/>
      <line num="42" count="870" type="stmt"/>
      <line num="46" count="404" type="stmt"/>
      <line num="50" count="2" type="stmt"/>
    </file>
    <file name="size.ts" path="C:\lesson9\src\size.ts">
      <metrics statements="10" coveredstatements="9" conditionals="16" coveredconditionals="11" methods="1" coveredmethods="1"/>
      <line num="6" count="4" type="cond" truecount="4" falsecount="2"/>
      <line num="8" count="4" type="cond" truecount="4" falsecount="2"/>
      <line num="11" count="4" type="stmt"/>
      <line num="12" count="1" type="stmt"/>
      <line num="13" count="1" type="stmt"/>
      <line num="15" count="1" type="cond" truecount="3" falsecount="1"/>
      <line num="17" count="1" type="stmt"/>
      <line num="18" count="1" type="stmt"/>
      <line num="20" count="0" type="stmt"/>
      <line num="25" count="4" type="stmt"/>
    </file>
  </project>
</coverage>
