<?xml version="1.0" encoding="UTF-8"?>
<coverage generated="1730111965604" clover="3.2.0">
  <project timestamp="1730111965604" name="All files">
    <metrics statements="176" coveredstatements="138" conditionals="73" coveredconditionals="51" methods="42" coveredmethods="32" elements="291" coveredelements="221" complexity="0" loc="176" ncloc="176" packages="1" files="4" classes="4"/>
    <file name="events.ts" path="C:\lesson9\src\events.ts">
      <metrics statements="38" coveredstatements="34" conditionals="8" coveredconditionals="5" methods="10" coveredmethods="8"/>
      <line num="2" count="1" type="stmt"/>
      <line num="4" count="1" type="stmt"/>
      <line num="8" count="6" type="stmt"/>
      <line num="9" count="6" type="stmt"/>
      <line num="10" count="6" type="stmt"/>
      <line num="11" count="6" type="stmt"/>
      <line num="12" count="6" type="stmt"/>
      <line num="16" count="6" type="stmt"/>
      <line num="17" count="6" type="cond" truecount="0" falsecount="1"/>
      <line num="19" count="6" type="stmt"/>
      <line num="20" count="2" type="stmt"/>
      <line num="21" count="2" type="cond" truecount="1" falsecount="0"/>
      <line num="22" count="1" type="stmt"/>
      <line num="23" count="1" type="stmt"/>
      <line num="24" count="1" type="stmt"/>
      <line num="25" count="1" type="stmt"/>
      <line num="26" count="1" type="stmt"/>
      <line num="32" count="6" type="stmt"/>
      <line num="33" count="6" type="cond" truecount="0" falsecount="1"/>
      <line num="35" count="6" type="stmt"/>
      <line num="36" count="2" type="cond" truecount="1" falsecount="0"/>
      <line num="38" count="1" type="stmt"/>
      <line num="39" count="0" type="stmt"/>
      <line num="45" count="6" type="stmt"/>
      <line num="46" count="6" type="cond" truecount="0" falsecount="1"/>
      <line num="48" count="6" type="stmt"/>
      <line num="49" count="1" type="stmt"/>
      <line num="50" count="1" type="cond" truecount="1" falsecount="0"/>
      <line num="51" count="1" type="stmt"/>
      <line num="52" count="1" type="stmt"/>
      <line num="54" count="1" type="stmt"/>
      <line num="59" count="7" type="stmt"/>
      <line num="60" count="7" type="cond" truecount="2" falsecount="0"/>
      <line num="61" count="6" type="stmt"/>
      <line num="62" count="0" type="stmt"/>
      <line num="65" count="0" type="stmt"/>
      <line num="68" count="0" type="stmt"/>
      <line num="71" count="1" type="stmt"/>
    </file>
    <file name="gameOfLife.ts" path="C:\lesson9\src\gameOfLife.ts">
      <metrics statements="104" coveredstatements="79" conditionals="35" coveredconditionals="25" methods="23" coveredmethods="17"/>
      <line num="1" count="1" type="stmt"/>
      <line num="2" count="1" type="stmt"/>
      <line num="4" count="1" type="stmt"/>
      <line num="11" count="7" type="stmt"/>
      <line num="12" count="7" type="stmt"/>
      <line num="13" count="7" type="stmt"/>
      <line num="14" count="7" type="stmt"/>
      <line num="15" count="70" type="stmt"/>
      <line num="17" count="7" type="stmt"/>
      <line num="22" count="10" type="stmt"/>
      <line num="23" count="1" type="stmt"/>
      <line num="24" count="10" type="stmt"/>
      <line num="28" count="1" type="stmt"/>
      <line num="29" count="10" type="stmt"/>
      <line num="30" count="100" type="stmt"/>
      <line num="32" count="100" type="cond" truecount="2" falsecount="0"/>
      <line num="33" count="3" type="cond" truecount="3" falsecount="0"/>
      <line num="34" count="2" type="stmt"/>
      <line num="35" count="2" type="stmt"/>
      <line num="37" count="97" type="cond" truecount="3" falsecount="0"/>
      <line num="38" count="2" type="stmt"/>
      <line num="42" count="1" type="stmt"/>
      <line num="43" count="1" type="stmt"/>
      <line num="45" count="1" type="cond" truecount="0" falsecount="1"/>
      <line num="46" count="0" type="stmt"/>
      <line num="52" count="0" type="cond" truecount="0" falsecount="1"/>
      <line num="53" count="0" type="stmt"/>
      <line num="54" count="0" type="stmt"/>
      <line num="56" count="0" type="stmt"/>
      <line num="61" count="1" type="stmt"/>
      <line num="62" count="2" type="stmt"/>
      <line num="63" count="11" type="cond" truecount="1" falsecount="0"/>
      <line num="64" count="1" type="stmt"/>
      <line num="68" count="0" type="stmt"/>
      <line num="73" count="18" type="stmt"/>
      <line num="74" count="18" type="cond" truecount="0" falsecount="1"/>
      <line num="75" count="18" type="stmt"/>
      <line num="76" count="18" type="stmt"/>
      <line num="77" count="18" type="stmt"/>
      <line num="78" count="180" type="stmt"/>
      <line num="79" count="180" type="stmt"/>
      <line num="80" count="1800" type="stmt"/>
      <line num="81" count="1800" type="cond" truecount="4" falsecount="0"/>
      <line num="82" count="2" type="stmt"/>
      <line num="84" count="1798" type="stmt"/>
      <line num="87" count="1800" type="stmt"/>
      <line num="89" count="180" type="stmt"/>
      <line num="91" count="18" type="stmt"/>
      <line num="96" count="0" type="stmt"/>
      <line num="97" count="0" type="stmt"/>
      <line num="99" count="0" type="stmt"/>
      <line num="100" count="0" type="stmt"/>
      <line num="101" count="0" type="stmt"/>
      <line num="105" count="0" type="stmt"/>
      <line num="106" count="0" type="stmt"/>
      <line num="107" count="0" type="stmt"/>
      <line num="112" count="0" type="stmt"/>
      <line num="113" count="0" type="stmt"/>
      <line num="114" count="0" type="stmt"/>
      <line num="116" count="0" type="stmt"/>
      <line num="117" count="0" type="stmt"/>
      <line num="122" count="14" type="stmt"/>
      <line num="123" count="14" type="cond" truecount="0" falsecount="1"/>
      <line num="124" count="14" type="stmt"/>
      <line num="125" count="14" type="stmt"/>
      <line num="127" count="14" type="cond" truecount="3" falsecount="1"/>
      <line num="128" count="2" type="stmt"/>
      <line num="129" count="2" type="cond" truecount="1" falsecount="0"/>
      <line num="130" count="1" type="stmt"/>
      <line num="133" count="1" type="stmt"/>
      <line num="137" count="1" type="stmt"/>
      <line num="138" count="1" type="stmt"/>
      <line num="141" count="1" type="cond" truecount="5" falsecount="0"/>
      <line num="142" count="1" type="stmt"/>
      <line num="143" count="1" type="stmt"/>
      <line num="151" count="15" type="stmt"/>
      <line num="152" count="15" type="cond" truecount="0" falsecount="1"/>
      <line num="153" count="15" type="stmt"/>
      <line num="154" count="7" type="cond" truecount="1" falsecount="0"/>
      <line num="155" count="2" type="stmt"/>
      <line num="156" count="0" type="stmt"/>
      <line num="163" count="14" type="stmt"/>
      <line num="164" count="14" type="cond" truecount="0" falsecount="1"/>
      <line num="165" count="14" type="stmt"/>
      <line num="166" count="2" type="stmt"/>
      <line num="167" count="2" type="stmt"/>
      <line num="168" count="20" type="stmt"/>
      <line num="170" count="2" type="cond" truecount="0" falsecount="1"/>
      <line num="171" count="0" type="stmt"/>
      <line num="172" count="0" type="stmt"/>
      <line num="174" count="2" type="stmt"/>
      <line num="180" count="14" type="stmt"/>
      <line num="181" count="14" type="cond" truecount="0" falsecount="1"/>
      <line num="182" count="14" type="stmt"/>
      <line num="183" count="2" type="stmt"/>
      <line num="184" count="2" type="cond" truecount="0" falsecount="1"/>
      <line num="185" count="0" type="stmt"/>
      <line num="186" count="0" type="stmt"/>
      <line num="187" count="0" type="stmt"/>
      <line num="195" count="14" type="stmt"/>
      <line num="196" count="14" type="stmt"/>
      <line num="197" count="14" type="stmt"/>
      <line num="198" count="14" type="stmt"/>
      <line num="199" count="14" type="stmt"/>
    </file>
    <file name="grid.ts" path="C:\lesson9\src\grid.ts">
      <metrics statements="24" coveredstatements="16" conditionals="14" coveredconditionals="10" methods="8" coveredmethods="6"/>
      <line num="4" count="2" type="stmt"/>
      <line num="10" count="10" type="stmt"/>
      <line num="11" count="10" type="stmt"/>
      <line num="12" count="10" type="stmt"/>
      <line num="16" count="130" type="stmt"/>
      <line num="20" count="12" type="cond" truecount="3" falsecount="0"/>
      <line num="21" count="12" type="cond" truecount="2" falsecount="0"/>
      <line num="26" count="104" type="stmt"/>
      <line num="27" count="104" type="stmt"/>
      <line num="38" count="104" type="stmt"/>
      <line num="39" count="832" type="stmt"/>
      <line num="40" count="832" type="stmt"/>
      <line num="41" count="832" type="cond" truecount="5" falsecount="0"/>
      <line num="42" count="705" type="stmt"/>
      <line num="45" count="104" type="stmt"/>
      <line num="49" count="3" type="stmt"/>
      <line num="53" count="0" type="stmt"/>
      <line num="55" count="0" type="stmt"/>
      <line num="56" count="0" type="stmt"/>
      <line num="57" count="0" type="stmt"/>
      <line num="61" count="0" type="stmt"/>
      <line num="62" count="0" type="stmt"/>
      <line num="63" count="0" type="stmt"/>
      <line num="67" count="0" type="cond" truecount="0" falsecount="4"/>
    </file>
    <file name="size.ts" path="C:\lesson9\src\size.ts">
      <metrics statements="10" coveredstatements="9" conditionals="16" coveredconditionals="11" methods="1" coveredmethods="1"/>
      <line num="5" count="4" type="cond" truecount="4" falsecount="2"/>
      <line num="7" count="4" type="cond" truecount="4" falsecount="2"/>
      <line num="10" count="4" type="stmt"/>
      <line num="11" count="1" type="stmt"/>
      <line num="12" count="1" type="stmt"/>
      <line num="14" count="1" type="cond" truecount="3" falsecount="1"/>
      <line num="16" count="1" type="stmt"/>
      <line num="17" count="1" type="stmt"/>
      <line num="19" count="0" type="stmt"/>
      <line num="23" count="4" type="stmt"/>
    </file>
  </project>
</coverage>
