{
  "C:\\lesson9\\src\\events.ts": {
    "path": "C:\\lesson9\\src\\events.ts",
    "statementMap": {
      "0": {
        "start": { "line": 2, "column": 0 },
        "end": { "line": 2, "column": 49 }
      },
      "1": {
        "start": { "line": 8, "column": 4 },
        "end": { "line": 8, "column": 21 }
      },
      "2": {
        "start": { "line": 9, "column": 4 },
        "end": { "line": 9, "column": 25 }
      },
      "3": {
        "start": { "line": 10, "column": 4 },
        "end": { "line": 10, "column": 31 }
      },
      "4": {
        "start": { "line": 11, "column": 4 },
        "end": { "line": 11, "column": 31 }
      },
      "5": {
        "start": { "line": 12, "column": 4 },
        "end": { "line": 12, "column": 31 }
      },
      "6": {
        "start": { "line": 16, "column": 24 },
        "end": { "line": 16, "column": 55 }
      },
      "7": {
        "start": { "line": 17, "column": 4 },
        "end": { "line": 17, "column": 29 }
      },
      "8": {
        "start": { "line": 17, "column": 22 },
        "end": { "line": 17, "column": 29 }
      },
      "9": {
        "start": { "line": 19, "column": 4 },
        "end": { "line": 28, "column": 7 }
      },
      "10": {
        "start": { "line": 20, "column": 21 },
        "end": { "line": 20, "column": 48 }
      },
      "11": {
        "start": { "line": 21, "column": 6 },
        "end": { "line": 27, "column": 7 }
      },
      "12": {
        "start": { "line": 22, "column": 26 },
        "end": { "line": 22, "column": 74 }
      },
      "13": {
        "start": { "line": 23, "column": 18 },
        "end": { "line": 23, "column": 35 }
      },
      "14": {
        "start": { "line": 24, "column": 18 },
        "end": { "line": 24, "column": 47 }
      },
      "15": {
        "start": { "line": 25, "column": 8 },
        "end": { "line": 25, "column": 40 }
      },
      "16": {
        "start": { "line": 26, "column": 8 },
        "end": { "line": 26, "column": 28 }
      },
      "17": {
        "start": { "line": 32, "column": 24 },
        "end": { "line": 32, "column": 56 }
      },
      "18": {
        "start": { "line": 33, "column": 4 },
        "end": { "line": 33, "column": 29 }
      },
      "19": {
        "start": { "line": 33, "column": 22 },
        "end": { "line": 33, "column": 29 }
      },
      "20": {
        "start": { "line": 35, "column": 4 },
        "end": { "line": 41, "column": 7 }
      },
      "21": {
        "start": { "line": 36, "column": 6 },
        "end": { "line": 36, "column": 42 }
      },
      "22": {
        "start": { "line": 36, "column": 35 },
        "end": { "line": 36, "column": 42 }
      },
      "23": {
        "start": { "line": 38, "column": 6 },
        "end": { "line": 40, "column": 15 }
      },
      "24": {
        "start": { "line": 39, "column": 8 },
        "end": { "line": 39, "column": 27 }
      },
      "25": {
        "start": { "line": 45, "column": 24 },
        "end": { "line": 45, "column": 56 }
      },
      "26": {
        "start": { "line": 46, "column": 4 },
        "end": { "line": 46, "column": 29 }
      },
      "27": {
        "start": { "line": 46, "column": 22 },
        "end": { "line": 46, "column": 29 }
      },
      "28": {
        "start": { "line": 48, "column": 4 },
        "end": { "line": 55, "column": 7 }
      },
      "29": {
        "start": { "line": 49, "column": 6 },
        "end": { "line": 49, "column": 29 }
      },
      "30": {
        "start": { "line": 50, "column": 6 },
        "end": { "line": 53, "column": 7 }
      },
      "31": {
        "start": { "line": 51, "column": 8 },
        "end": { "line": 51, "column": 47 }
      },
      "32": {
        "start": { "line": 52, "column": 8 },
        "end": { "line": 52, "column": 39 }
      },
      "33": {
        "start": { "line": 54, "column": 6 },
        "end": { "line": 54, "column": 26 }
      },
      "34": {
        "start": { "line": 59, "column": 24 },
        "end": { "line": 59, "column": 56 }
      },
      "35": {
        "start": { "line": 60, "column": 4 },
        "end": { "line": 67, "column": 5 }
      },
      "36": {
        "start": { "line": 61, "column": 6 },
        "end": { "line": 64, "column": 9 }
      },
      "37": {
        "start": { "line": 62, "column": 8 },
        "end": { "line": 62, "column": 27 }
      },
      "38": {
        "start": { "line": 63, "column": 8 },
        "end": { "line": 63, "column": 31 }
      },
      "39": {
        "start": { "line": 66, "column": 6 },
        "end": { "line": 66, "column": 60 }
      },
      "40": {
        "start": { "line": 4, "column": 0 },
        "end": { "line": 4, "column": 13 }
      }
    },
    "fnMap": {
      "0": {
        "name": "(anonymous_0)",
        "decl": {
          "start": { "line": 7, "column": 2 },
          "end": { "line": 7, "column": 14 }
        },
        "loc": {
          "start": { "line": 7, "column": 30 },
          "end": { "line": 13, "column": 3 }
        }
      },
      "1": {
        "name": "(anonymous_1)",
        "decl": {
          "start": { "line": 15, "column": 2 },
          "end": { "line": 15, "column": 15 }
        },
        "loc": {
          "start": { "line": 15, "column": 15 },
          "end": { "line": 29, "column": 3 }
        }
      },
      "2": {
        "name": "(anonymous_2)",
        "decl": {
          "start": { "line": 19, "column": 42 },
          "end": { "line": 19, "column": 43 }
        },
        "loc": {
          "start": { "line": 19, "column": 52 },
          "end": { "line": 28, "column": 5 }
        }
      },
      "3": {
        "name": "(anonymous_3)",
        "decl": {
          "start": { "line": 31, "column": 2 },
          "end": { "line": 31, "column": 21 }
        },
        "loc": {
          "start": { "line": 31, "column": 21 },
          "end": { "line": 42, "column": 3 }
        }
      },
      "4": {
        "name": "(anonymous_4)",
        "decl": {
          "start": { "line": 35, "column": 42 },
          "end": { "line": 35, "column": 45 }
        },
        "loc": {
          "start": { "line": 35, "column": 47 },
          "end": { "line": 41, "column": 5 }
        }
      },
      "5": {
        "name": "(anonymous_5)",
        "decl": {
          "start": { "line": 38, "column": 44 },
          "end": { "line": 38, "column": 47 }
        },
        "loc": {
          "start": { "line": 38, "column": 49 },
          "end": { "line": 40, "column": 7 }
        }
      },
      "6": {
        "name": "(anonymous_6)",
        "decl": {
          "start": { "line": 44, "column": 2 },
          "end": { "line": 44, "column": 21 }
        },
        "loc": {
          "start": { "line": 44, "column": 21 },
          "end": { "line": 56, "column": 3 }
        }
      },
      "7": {
        "name": "(anonymous_7)",
        "decl": {
          "start": { "line": 48, "column": 42 },
          "end": { "line": 48, "column": 45 }
        },
        "loc": {
          "start": { "line": 48, "column": 47 },
          "end": { "line": 55, "column": 5 }
        }
      },
      "8": {
        "name": "(anonymous_8)",
        "decl": {
          "start": { "line": 58, "column": 2 },
          "end": { "line": 58, "column": 21 }
        },
        "loc": {
          "start": { "line": 58, "column": 21 },
          "end": { "line": 68, "column": 3 }
        }
      },
      "9": {
        "name": "(anonymous_9)",
        "decl": {
          "start": { "line": 61, "column": 44 },
          "end": { "line": 61, "column": 47 }
        },
        "loc": {
          "start": { "line": 61, "column": 49 },
          "end": { "line": 64, "column": 7 }
        }
      }
    },
    "branchMap": {
      "0": {
        "loc": {
          "start": { "line": 17, "column": 4 },
          "end": { "line": 17, "column": 29 }
        },
        "type": "if",
        "locations": [
          {
            "start": { "line": 17, "column": 4 },
            "end": { "line": 17, "column": 29 }
          }
        ]
      },
      "1": {
        "loc": {
          "start": { "line": 21, "column": 6 },
          "end": { "line": 27, "column": 7 }
        },
        "type": "if",
        "locations": [
          {
            "start": { "line": 21, "column": 6 },
            "end": { "line": 27, "column": 7 }
          }
        ]
      },
      "2": {
        "loc": {
          "start": { "line": 33, "column": 4 },
          "end": { "line": 33, "column": 29 }
        },
        "type": "if",
        "locations": [
          {
            "start": { "line": 33, "column": 4 },
            "end": { "line": 33, "column": 29 }
          }
        ]
      },
      "3": {
        "loc": {
          "start": { "line": 36, "column": 6 },
          "end": { "line": 36, "column": 42 }
        },
        "type": "if",
        "locations": [
          {
            "start": { "line": 36, "column": 6 },
            "end": { "line": 36, "column": 42 }
          }
        ]
      },
      "4": {
        "loc": {
          "start": { "line": 46, "column": 4 },
          "end": { "line": 46, "column": 29 }
        },
        "type": "if",
        "locations": [
          {
            "start": { "line": 46, "column": 4 },
            "end": { "line": 46, "column": 29 }
          }
        ]
      },
      "5": {
        "loc": {
          "start": { "line": 50, "column": 6 },
          "end": { "line": 53, "column": 7 }
        },
        "type": "if",
        "locations": [
          {
            "start": { "line": 50, "column": 6 },
            "end": { "line": 53, "column": 7 }
          }
        ]
      },
      "6": {
        "loc": {
          "start": { "line": 60, "column": 4 },
          "end": { "line": 67, "column": 5 }
        },
        "type": "if",
        "locations": [
          {
            "start": { "line": 60, "column": 4 },
            "end": { "line": 67, "column": 5 }
          },
          {
            "start": { "line": 65, "column": 11 },
            "end": { "line": 67, "column": 5 }
          }
        ]
      }
    },
    "s": {
      "0": 1,
      "1": 7,
      "2": 7,
      "3": 7,
      "4": 7,
      "5": 7,
      "6": 7,
      "7": 7,
      "8": 0,
      "9": 7,
      "10": 2,
      "11": 2,
      "12": 1,
      "13": 1,
      "14": 1,
      "15": 1,
      "16": 1,
      "17": 7,
      "18": 7,
      "19": 0,
      "20": 7,
      "21": 2,
      "22": 1,
      "23": 1,
      "24": 0,
      "25": 7,
      "26": 7,
      "27": 0,
      "28": 7,
      "29": 1,
      "30": 1,
      "31": 1,
      "32": 1,
      "33": 1,
      "34": 8,
      "35": 8,
      "36": 7,
      "37": 1,
      "38": 1,
      "39": 1,
      "40": 1
    },
    "f": {
      "0": 7,
      "1": 7,
      "2": 2,
      "3": 7,
      "4": 2,
      "5": 0,
      "6": 7,
      "7": 1,
      "8": 8,
      "9": 1
    },
    "b": {
      "0": [0],
      "1": [1],
      "2": [0],
      "3": [1],
      "4": [0],
      "5": [1],
      "6": [7, 1]
    }
  },
  "C:\\lesson9\\src\\gameOfLife.ts": {
    "path": "C:\\lesson9\\src\\gameOfLife.ts",
    "statementMap": {
      "0": {
        "start": { "line": 1, "column": 0 },
        "end": { "line": 1, "column": 30 }
      },
      "1": {
        "start": { "line": 2, "column": 0 },
        "end": { "line": 2, "column": 45 }
      },
      "2": {
        "start": { "line": 9, "column": 4 },
        "end": { "line": 9, "column": 40 }
      },
      "3": {
        "start": { "line": 10, "column": 4 },
        "end": { "line": 10, "column": 27 }
      },
      "4": {
        "start": { "line": 11, "column": 4 },
        "end": { "line": 11, "column": 22 }
      },
      "5": {
        "start": { "line": 15, "column": 30 },
        "end": { "line": 15, "column": 68 }
      },
      "6": {
        "start": { "line": 15, "column": 59 },
        "end": { "line": 15, "column": 67 }
      },
      "7": {
        "start": { "line": 17, "column": 4 },
        "end": { "line": 29, "column": 5 }
      },
      "8": {
        "start": { "line": 17, "column": 17 },
        "end": { "line": 17, "column": 18 }
      },
      "9": {
        "start": { "line": 18, "column": 6 },
        "end": { "line": 28, "column": 7 }
      },
      "10": {
        "start": { "line": 18, "column": 19 },
        "end": { "line": 18, "column": 20 }
      },
      "11": {
        "start": { "line": 19, "column": 31 },
        "end": { "line": 19, "column": 64 }
      },
      "12": {
        "start": { "line": 21, "column": 8 },
        "end": { "line": 27, "column": 9 }
      },
      "13": {
        "start": { "line": 22, "column": 12 },
        "end": { "line": 24, "column": 13 }
      },
      "14": {
        "start": { "line": 23, "column": 16 },
        "end": { "line": 23, "column": 34 }
      },
      "15": {
        "start": { "line": 25, "column": 15 },
        "end": { "line": 27, "column": 9 }
      },
      "16": {
        "start": { "line": 26, "column": 12 },
        "end": { "line": 26, "column": 30 }
      },
      "17": {
        "start": { "line": 31, "column": 4 },
        "end": { "line": 31, "column": 30 }
      },
      "18": {
        "start": { "line": 32, "column": 4 },
        "end": { "line": 32, "column": 19 }
      },
      "19": {
        "start": { "line": 58, "column": 24 },
        "end": { "line": 58, "column": 55 }
      },
      "20": {
        "start": { "line": 59, "column": 4 },
        "end": { "line": 59, "column": 29 }
      },
      "21": {
        "start": { "line": 59, "column": 22 },
        "end": { "line": 59, "column": 29 }
      },
      "22": {
        "start": { "line": 60, "column": 4 },
        "end": { "line": 60, "column": 31 }
      },
      "23": {
        "start": { "line": 61, "column": 18 },
        "end": { "line": 61, "column": 49 }
      },
      "24": {
        "start": { "line": 62, "column": 4 },
        "end": { "line": 70, "column": 7 }
      },
      "25": {
        "start": { "line": 63, "column": 23 },
        "end": { "line": 63, "column": 51 }
      },
      "26": {
        "start": { "line": 64, "column": 6 },
        "end": { "line": 68, "column": 9 }
      },
      "27": {
        "start": { "line": 65, "column": 28 },
        "end": { "line": 65, "column": 56 }
      },
      "28": {
        "start": { "line": 66, "column": 8 },
        "end": { "line": 66, "column": 75 }
      },
      "29": {
        "start": { "line": 67, "column": 8 },
        "end": { "line": 67, "column": 42 }
      },
      "30": {
        "start": { "line": 69, "column": 6 },
        "end": { "line": 69, "column": 34 }
      },
      "31": {
        "start": { "line": 71, "column": 4 },
        "end": { "line": 71, "column": 35 }
      },
      "32": {
        "start": { "line": 75, "column": 4 },
        "end": { "line": 75, "column": 40 }
      },
      "33": {
        "start": { "line": 76, "column": 4 },
        "end": { "line": 76, "column": 19 }
      },
      "34": {
        "start": { "line": 80, "column": 24 },
        "end": { "line": 80, "column": 55 }
      },
      "35": {
        "start": { "line": 81, "column": 4 },
        "end": { "line": 81, "column": 29 }
      },
      "36": {
        "start": { "line": 81, "column": 22 },
        "end": { "line": 81, "column": 29 }
      },
      "37": {
        "start": { "line": 83, "column": 4 },
        "end": { "line": 94, "column": 7 }
      },
      "38": {
        "start": { "line": 84, "column": 21 },
        "end": { "line": 84, "column": 57 }
      },
      "39": {
        "start": { "line": 85, "column": 6 },
        "end": { "line": 93, "column": 7 }
      },
      "40": {
        "start": { "line": 86, "column": 26 },
        "end": { "line": 88, "column": 25 }
      },
      "41": {
        "start": { "line": 89, "column": 18 },
        "end": { "line": 89, "column": 35 }
      },
      "42": {
        "start": { "line": 90, "column": 18 },
        "end": { "line": 90, "column": 47 }
      },
      "43": {
        "start": { "line": 91, "column": 8 },
        "end": { "line": 91, "column": 35 }
      },
      "44": {
        "start": { "line": 92, "column": 8 },
        "end": { "line": 92, "column": 23 }
      },
      "45": {
        "start": { "line": 98, "column": 24 },
        "end": { "line": 98, "column": 56 }
      },
      "46": {
        "start": { "line": 99, "column": 4 },
        "end": { "line": 99, "column": 29 }
      },
      "47": {
        "start": { "line": 99, "column": 22 },
        "end": { "line": 99, "column": 29 }
      },
      "48": {
        "start": { "line": 101, "column": 4 },
        "end": { "line": 107, "column": 7 }
      },
      "49": {
        "start": { "line": 102, "column": 6 },
        "end": { "line": 102, "column": 34 }
      },
      "50": {
        "start": { "line": 102, "column": 27 },
        "end": { "line": 102, "column": 34 }
      },
      "51": {
        "start": { "line": 104, "column": 6 },
        "end": { "line": 106, "column": 21 }
      },
      "52": {
        "start": { "line": 105, "column": 8 },
        "end": { "line": 105, "column": 22 }
      },
      "53": {
        "start": { "line": 111, "column": 24 },
        "end": { "line": 111, "column": 56 }
      },
      "54": {
        "start": { "line": 112, "column": 4 },
        "end": { "line": 112, "column": 29 }
      },
      "55": {
        "start": { "line": 112, "column": 22 },
        "end": { "line": 112, "column": 29 }
      },
      "56": {
        "start": { "line": 114, "column": 4 },
        "end": { "line": 121, "column": 7 }
      },
      "57": {
        "start": { "line": 115, "column": 6 },
        "end": { "line": 115, "column": 24 }
      },
      "58": {
        "start": { "line": 116, "column": 6 },
        "end": { "line": 119, "column": 7 }
      },
      "59": {
        "start": { "line": 117, "column": 8 },
        "end": { "line": 117, "column": 39 }
      },
      "60": {
        "start": { "line": 118, "column": 8 },
        "end": { "line": 118, "column": 31 }
      },
      "61": {
        "start": { "line": 120, "column": 6 },
        "end": { "line": 120, "column": 21 }
      },
      "62": {
        "start": { "line": 125, "column": 23 },
        "end": { "line": 125, "column": 75 }
      },
      "63": {
        "start": { "line": 126, "column": 4 },
        "end": { "line": 126, "column": 28 }
      },
      "64": {
        "start": { "line": 126, "column": 21 },
        "end": { "line": 126, "column": 28 }
      },
      "65": {
        "start": { "line": 128, "column": 4 },
        "end": { "line": 136, "column": 7 }
      },
      "66": {
        "start": { "line": 129, "column": 6 },
        "end": { "line": 129, "column": 51 }
      },
      "67": {
        "start": { "line": 130, "column": 6 },
        "end": { "line": 135, "column": 7 }
      },
      "68": {
        "start": { "line": 131, "column": 8 },
        "end": { "line": 131, "column": 39 }
      },
      "69": {
        "start": { "line": 132, "column": 8 },
        "end": { "line": 134, "column": 23 }
      },
      "70": {
        "start": { "line": 133, "column": 10 },
        "end": { "line": 133, "column": 24 }
      },
      "71": {
        "start": { "line": 140, "column": 4 },
        "end": { "line": 140, "column": 25 }
      },
      "72": {
        "start": { "line": 141, "column": 4 },
        "end": { "line": 141, "column": 31 }
      },
      "73": {
        "start": { "line": 142, "column": 4 },
        "end": { "line": 142, "column": 31 }
      },
      "74": {
        "start": { "line": 143, "column": 4 },
        "end": { "line": 143, "column": 32 }
      },
      "75": {
        "start": { "line": 144, "column": 4 },
        "end": { "line": 144, "column": 19 }
      },
      "76": {
        "start": { "line": 4, "column": 0 },
        "end": { "line": 4, "column": 13 }
      }
    },
    "fnMap": {
      "0": {
        "name": "(anonymous_0)",
        "decl": {
          "start": { "line": 8, "column": 2 },
          "end": { "line": 8, "column": null }
        },
        "loc": {
          "start": { "line": 8, "column": 2 },
          "end": { "line": 12, "column": 3 }
        }
      },
      "1": {
        "name": "(anonymous_1)",
        "decl": {
          "start": { "line": 14, "column": 2 },
          "end": { "line": 14, "column": 8 }
        },
        "loc": {
          "start": { "line": 14, "column": 8 },
          "end": { "line": 33, "column": 3 }
        }
      },
      "2": {
        "name": "(anonymous_2)",
        "decl": {
          "start": { "line": 15, "column": 50 },
          "end": { "line": 15, "column": 51 }
        },
        "loc": {
          "start": { "line": 15, "column": 59 },
          "end": { "line": 15, "column": 67 }
        }
      },
      "3": {
        "name": "(anonymous_3)",
        "decl": {
          "start": { "line": 57, "column": 2 },
          "end": { "line": 57, "column": 9 }
        },
        "loc": {
          "start": { "line": 57, "column": 9 },
          "end": { "line": 72, "column": 3 }
        }
      },
      "4": {
        "name": "(anonymous_4)",
        "decl": {
          "start": { "line": 62, "column": 28 },
          "end": { "line": 62, "column": 29 }
        },
        "loc": {
          "start": { "line": 62, "column": 36 },
          "end": { "line": 70, "column": 5 }
        }
      },
      "5": {
        "name": "(anonymous_5)",
        "decl": {
          "start": { "line": 64, "column": 18 },
          "end": { "line": 64, "column": 19 }
        },
        "loc": {
          "start": { "line": 64, "column": 27 },
          "end": { "line": 68, "column": 7 }
        }
      },
      "6": {
        "name": "(anonymous_6)",
        "decl": {
          "start": { "line": 74, "column": 2 },
          "end": { "line": 74, "column": 12 }
        },
        "loc": {
          "start": { "line": 74, "column": 12 },
          "end": { "line": 77, "column": 3 }
        }
      },
      "7": {
        "name": "(anonymous_7)",
        "decl": {
          "start": { "line": 79, "column": 2 },
          "end": { "line": 79, "column": 15 }
        },
        "loc": {
          "start": { "line": 79, "column": 15 },
          "end": { "line": 95, "column": 3 }
        }
      },
      "8": {
        "name": "(anonymous_8)",
        "decl": {
          "start": { "line": 83, "column": 42 },
          "end": { "line": 83, "column": 43 }
        },
        "loc": {
          "start": { "line": 83, "column": 52 },
          "end": { "line": 94, "column": 5 }
        }
      },
      "9": {
        "name": "(anonymous_9)",
        "decl": {
          "start": { "line": 97, "column": 2 },
          "end": { "line": 97, "column": 21 }
        },
        "loc": {
          "start": { "line": 97, "column": 21 },
          "end": { "line": 108, "column": 3 }
        }
      },
      "10": {
        "name": "(anonymous_10)",
        "decl": {
          "start": { "line": 101, "column": 42 },
          "end": { "line": 101, "column": 45 }
        },
        "loc": {
          "start": { "line": 101, "column": 47 },
          "end": { "line": 107, "column": 5 }
        }
      },
      "11": {
        "name": "(anonymous_11)",
        "decl": {
          "start": { "line": 104, "column": 36 },
          "end": { "line": 104, "column": 39 }
        },
        "loc": {
          "start": { "line": 104, "column": 41 },
          "end": { "line": 106, "column": 7 }
        }
      },
      "12": {
        "name": "(anonymous_12)",
        "decl": {
          "start": { "line": 110, "column": 2 },
          "end": { "line": 110, "column": 21 }
        },
        "loc": {
          "start": { "line": 110, "column": 21 },
          "end": { "line": 122, "column": 3 }
        }
      },
      "13": {
        "name": "(anonymous_13)",
        "decl": {
          "start": { "line": 114, "column": 42 },
          "end": { "line": 114, "column": 45 }
        },
        "loc": {
          "start": { "line": 114, "column": 47 },
          "end": { "line": 121, "column": 5 }
        }
      },
      "14": {
        "name": "(anonymous_14)",
        "decl": {
          "start": { "line": 124, "column": 2 },
          "end": { "line": 124, "column": 22 }
        },
        "loc": {
          "start": { "line": 124, "column": 22 },
          "end": { "line": 137, "column": 3 }
        }
      },
      "15": {
        "name": "(anonymous_15)",
        "decl": {
          "start": { "line": 128, "column": 41 },
          "end": { "line": 128, "column": 44 }
        },
        "loc": {
          "start": { "line": 128, "column": 46 },
          "end": { "line": 136, "column": 5 }
        }
      },
      "16": {
        "name": "(anonymous_16)",
        "decl": {
          "start": { "line": 132, "column": 38 },
          "end": { "line": 132, "column": 41 }
        },
        "loc": {
          "start": { "line": 132, "column": 43 },
          "end": { "line": 134, "column": 9 }
        }
      },
      "17": {
        "name": "(anonymous_17)",
        "decl": {
          "start": { "line": 139, "column": 2 },
          "end": { "line": 139, "column": 12 }
        },
        "loc": {
          "start": { "line": 139, "column": 12 },
          "end": { "line": 145, "column": 3 }
        }
      }
    },
    "branchMap": {
      "0": {
        "loc": {
          "start": { "line": 21, "column": 8 },
          "end": { "line": 27, "column": 9 }
        },
        "type": "if",
        "locations": [
          {
            "start": { "line": 21, "column": 8 },
            "end": { "line": 27, "column": 9 }
          },
          {
            "start": { "line": 25, "column": 15 },
            "end": { "line": 27, "column": 9 }
          }
        ]
      },
      "1": {
        "loc": {
          "start": { "line": 21, "column": 12 },
          "end": { "line": 21, "column": 61 }
        },
        "type": "binary-expr",
        "locations": [
          {
            "start": { "line": 21, "column": 12 },
            "end": { "line": 21, "column": 30 }
          },
          {
            "start": { "line": 21, "column": 34 },
            "end": { "line": 21, "column": 61 }
          }
        ]
      },
      "2": {
        "loc": {
          "start": { "line": 22, "column": 12 },
          "end": { "line": 24, "column": 13 }
        },
        "type": "if",
        "locations": [
          {
            "start": { "line": 22, "column": 12 },
            "end": { "line": 24, "column": 13 }
          }
        ]
      },
      "3": {
        "loc": {
          "start": { "line": 22, "column": 16 },
          "end": { "line": 22, "column": 56 }
        },
        "type": "binary-expr",
        "locations": [
          {
            "start": { "line": 22, "column": 16 },
            "end": { "line": 22, "column": 34 }
          },
          {
            "start": { "line": 22, "column": 38 },
            "end": { "line": 22, "column": 56 }
          }
        ]
      },
      "4": {
        "loc": {
          "start": { "line": 25, "column": 15 },
          "end": { "line": 27, "column": 9 }
        },
        "type": "if",
        "locations": [
          {
            "start": { "line": 25, "column": 15 },
            "end": { "line": 27, "column": 9 }
          }
        ]
      },
      "5": {
        "loc": {
          "start": { "line": 25, "column": 19 },
          "end": { "line": 25, "column": 92 }
        },
        "type": "binary-expr",
        "locations": [
          {
            "start": { "line": 25, "column": 19 },
            "end": { "line": 25, "column": 37 }
          },
          {
            "start": { "line": 25, "column": 41 },
            "end": { "line": 25, "column": 68 }
          },
          {
            "start": { "line": 25, "column": 72 },
            "end": { "line": 25, "column": 92 }
          }
        ]
      },
      "6": {
        "loc": {
          "start": { "line": 59, "column": 4 },
          "end": { "line": 59, "column": 29 }
        },
        "type": "if",
        "locations": [
          {
            "start": { "line": 59, "column": 4 },
            "end": { "line": 59, "column": 29 }
          }
        ]
      },
      "7": {
        "loc": {
          "start": { "line": 66, "column": 44 },
          "end": { "line": 66, "column": 74 }
        },
        "type": "cond-expr",
        "locations": [
          {
            "start": { "line": 66, "column": 57 },
            "end": { "line": 66, "column": 64 }
          },
          {
            "start": { "line": 66, "column": 67 },
            "end": { "line": 66, "column": 74 }
          }
        ]
      },
      "8": {
        "loc": {
          "start": { "line": 81, "column": 4 },
          "end": { "line": 81, "column": 29 }
        },
        "type": "if",
        "locations": [
          {
            "start": { "line": 81, "column": 4 },
            "end": { "line": 81, "column": 29 }
          }
        ]
      },
      "9": {
        "loc": {
          "start": { "line": 85, "column": 6 },
          "end": { "line": 93, "column": 7 }
        },
        "type": "if",
        "locations": [
          {
            "start": { "line": 85, "column": 6 },
            "end": { "line": 93, "column": 7 }
          }
        ]
      },
      "10": {
        "loc": {
          "start": { "line": 99, "column": 4 },
          "end": { "line": 99, "column": 29 }
        },
        "type": "if",
        "locations": [
          {
            "start": { "line": 99, "column": 4 },
            "end": { "line": 99, "column": 29 }
          }
        ]
      },
      "11": {
        "loc": {
          "start": { "line": 102, "column": 6 },
          "end": { "line": 102, "column": 34 }
        },
        "type": "if",
        "locations": [
          {
            "start": { "line": 102, "column": 6 },
            "end": { "line": 102, "column": 34 }
          }
        ]
      },
      "12": {
        "loc": {
          "start": { "line": 112, "column": 4 },
          "end": { "line": 112, "column": 29 }
        },
        "type": "if",
        "locations": [
          {
            "start": { "line": 112, "column": 4 },
            "end": { "line": 112, "column": 29 }
          }
        ]
      },
      "13": {
        "loc": {
          "start": { "line": 116, "column": 6 },
          "end": { "line": 119, "column": 7 }
        },
        "type": "if",
        "locations": [
          {
            "start": { "line": 116, "column": 6 },
            "end": { "line": 119, "column": 7 }
          }
        ]
      },
      "14": {
        "loc": {
          "start": { "line": 126, "column": 4 },
          "end": { "line": 126, "column": 28 }
        },
        "type": "if",
        "locations": [
          {
            "start": { "line": 126, "column": 4 },
            "end": { "line": 126, "column": 28 }
          }
        ]
      },
      "15": {
        "loc": {
          "start": { "line": 130, "column": 6 },
          "end": { "line": 135, "column": 7 }
        },
        "type": "if",
        "locations": [
          {
            "start": { "line": 130, "column": 6 },
            "end": { "line": 135, "column": 7 }
          }
        ]
      }
    },
    "s": {
      "0": 1,
      "1": 1,
      "2": 10,
      "3": 10,
      "4": 10,
      "5": 4,
      "6": 19,
      "7": 4,
      "8": 4,
      "9": 40,
      "10": 40,
      "11": 400,
      "12": 400,
      "13": 10,
      "14": 2,
      "15": 390,
      "16": 3,
      "17": 4,
      "18": 4,
      "19": 16,
      "20": 16,
      "21": 0,
      "22": 16,
      "23": 16,
      "24": 16,
      "25": 139,
      "26": 139,
      "27": 1327,
      "28": 1327,
      "29": 1327,
      "30": 139,
      "31": 16,
      "32": 0,
      "33": 0,
      "34": 10,
      "35": 10,
      "36": 0,
      "37": 10,
      "38": 2,
      "39": 2,
      "40": 1,
      "41": 1,
      "42": 1,
      "43": 1,
      "44": 1,
      "45": 11,
      "46": 11,
      "47": 0,
      "48": 11,
      "49": 4,
      "50": 2,
      "51": 2,
      "52": 0,
      "53": 10,
      "54": 10,
      "55": 0,
      "56": 10,
      "57": 1,
      "58": 1,
      "59": 0,
      "60": 0,
      "61": 1,
      "62": 10,
      "63": 10,
      "64": 0,
      "65": 10,
      "66": 1,
      "67": 1,
      "68": 0,
      "69": 0,
      "70": 0,
      "71": 10,
      "72": 10,
      "73": 10,
      "74": 10,
      "75": 10,
      "76": 1
    },
    "f": {
      "0": 10,
      "1": 4,
      "2": 19,
      "3": 16,
      "4": 139,
      "5": 1327,
      "6": 0,
      "7": 10,
      "8": 2,
      "9": 11,
      "10": 4,
      "11": 0,
      "12": 10,
      "13": 1,
      "14": 10,
      "15": 1,
      "16": 0,
      "17": 10
    },
    "b": {
      "0": [10, 390],
      "1": [400, 190],
      "2": [2],
      "3": [10, 8],
      "4": [3],
      "5": [390, 180, 117],
      "6": [0],
      "7": [12, 1315],
      "8": [0],
      "9": [1],
      "10": [0],
      "11": [2],
      "12": [0],
      "13": [0],
      "14": [0],
      "15": [0]
    }
  },
  "C:\\lesson9\\src\\grid.ts": {
    "path": "C:\\lesson9\\src\\grid.ts",
    "statementMap": {
      "0": {
        "start": { "line": 8, "column": 4 },
        "end": { "line": 8, "column": 53 }
      },
      "1": {
        "start": { "line": 12, "column": 4 },
        "end": { "line": 12, "column": 70 }
      },
      "2": {
        "start": { "line": 12, "column": 48 },
        "end": { "line": 12, "column": 68 }
      },
      "3": {
        "start": { "line": 16, "column": 4 },
        "end": { "line": 16, "column": 54 }
      },
      "4": {
        "start": { "line": 20, "column": 23 },
        "end": { "line": 29, "column": 6 }
      },
      "5": {
        "start": { "line": 31, "column": 21 },
        "end": { "line": 31, "column": 22 }
      },
      "6": {
        "start": { "line": 33, "column": 4 },
        "end": { "line": 44, "column": 5 }
      },
      "7": {
        "start": { "line": 34, "column": 19 },
        "end": { "line": 34, "column": 25 }
      },
      "8": {
        "start": { "line": 35, "column": 19 },
        "end": { "line": 35, "column": 25 }
      },
      "9": {
        "start": { "line": 36, "column": 6 },
        "end": { "line": 43, "column": 7 }
      },
      "10": {
        "start": { "line": 42, "column": 8 },
        "end": { "line": 42, "column": 45 }
      },
      "11": {
        "start": { "line": 46, "column": 4 },
        "end": { "line": 46, "column": 22 }
      },
      "12": {
        "start": { "line": 50, "column": 4 },
        "end": { "line": 50, "column": 79 }
      },
      "13": {
        "start": { "line": 4, "column": 0 },
        "end": { "line": 4, "column": 13 }
      }
    },
    "fnMap": {
      "0": {
        "name": "(anonymous_0)",
        "decl": {
          "start": { "line": 7, "column": 2 },
          "end": { "line": 7, "column": 14 }
        },
        "loc": {
          "start": { "line": 7, "column": 43 },
          "end": { "line": 9, "column": 3 }
        }
      },
      "1": {
        "name": "(anonymous_1)",
        "decl": {
          "start": { "line": 11, "column": 2 },
          "end": { "line": 11, "column": 17 }
        },
        "loc": {
          "start": { "line": 11, "column": 47 },
          "end": { "line": 13, "column": 3 }
        }
      },
      "2": {
        "name": "(anonymous_2)",
        "decl": {
          "start": { "line": 12, "column": 42 },
          "end": { "line": 12, "column": 45 }
        },
        "loc": {
          "start": { "line": 12, "column": 48 },
          "end": { "line": 12, "column": 68 }
        }
      },
      "3": {
        "name": "(anonymous_3)",
        "decl": {
          "start": { "line": 15, "column": 2 },
          "end": { "line": 15, "column": 12 }
        },
        "loc": {
          "start": { "line": 15, "column": 33 },
          "end": { "line": 17, "column": 3 }
        }
      },
      "4": {
        "name": "(anonymous_4)",
        "decl": {
          "start": { "line": 19, "column": 2 },
          "end": { "line": 19, "column": 19 }
        },
        "loc": {
          "start": { "line": 19, "column": 40 },
          "end": { "line": 47, "column": 3 }
        }
      },
      "5": {
        "name": "(anonymous_5)",
        "decl": {
          "start": { "line": 49, "column": 2 },
          "end": { "line": 49, "column": 7 }
        },
        "loc": {
          "start": { "line": 49, "column": 7 },
          "end": { "line": 51, "column": 3 }
        }
      }
    },
    "branchMap": {
      "0": {
        "loc": {
          "start": { "line": 16, "column": 23 },
          "end": { "line": 16, "column": 53 }
        },
        "type": "cond-expr",
        "locations": [
          {
            "start": { "line": 16, "column": 48 },
            "end": { "line": 16, "column": 49 }
          },
          {
            "start": { "line": 16, "column": 52 },
            "end": { "line": 16, "column": 53 }
          }
        ]
      },
      "1": {
        "loc": {
          "start": { "line": 36, "column": 6 },
          "end": { "line": 43, "column": 7 }
        },
        "type": "if",
        "locations": [
          {
            "start": { "line": 36, "column": 6 },
            "end": { "line": 43, "column": 7 }
          }
        ]
      },
      "2": {
        "loc": {
          "start": { "line": 37, "column": 8 },
          "end": { "line": 40, "column": 32 }
        },
        "type": "binary-expr",
        "locations": [
          {
            "start": { "line": 37, "column": 8 },
            "end": { "line": 37, "column": 17 }
          },
          {
            "start": { "line": 38, "column": 8 },
            "end": { "line": 38, "column": 35 }
          },
          {
            "start": { "line": 39, "column": 8 },
            "end": { "line": 39, "column": 17 }
          },
          {
            "start": { "line": 40, "column": 8 },
            "end": { "line": 40, "column": 32 }
          }
        ]
      }
    },
    "s": {
      "0": 14,
      "1": 17,
      "2": 170,
      "3": 12,
      "4": 404,
      "5": 404,
      "6": 404,
      "7": 3232,
      "8": 3232,
      "9": 3232,
      "10": 870,
      "11": 404,
      "12": 2,
      "13": 2
    },
    "f": { "0": 14, "1": 17, "2": 170, "3": 12, "4": 404, "5": 2 },
    "b": { "0": [1, 11], "1": [870], "2": [3232, 3106, 1396, 1339] }
  },
  "C:\\lesson9\\src\\size.ts": {
    "path": "C:\\lesson9\\src\\size.ts",
    "statementMap": {
      "0": {
        "start": { "line": 11, "column": 0 },
        "end": { "line": 11, "column": 16 }
      },
      "1": {
        "start": { "line": 6, "column": 2 },
        "end": { "line": 6, "column": 77 }
      },
      "2": {
        "start": { "line": 25, "column": 9 },
        "end": { "line": 25, "column": 14 }
      },
      "3": {
        "start": { "line": 8, "column": 2 },
        "end": { "line": 8, "column": 78 }
      },
      "4": {
        "start": { "line": 25, "column": 16 },
        "end": { "line": 25, "column": 22 }
      },
      "5": {
        "start": { "line": 12, "column": 21 },
        "end": { "line": 12, "column": 73 }
      },
      "6": {
        "start": { "line": 13, "column": 22 },
        "end": { "line": 13, "column": 75 }
      },
      "7": {
        "start": { "line": 15, "column": 2 },
        "end": { "line": 21, "column": 3 }
      },
      "8": {
        "start": { "line": 17, "column": 4 },
        "end": { "line": 17, "column": 37 }
      },
      "9": {
        "start": { "line": 18, "column": 4 },
        "end": { "line": 18, "column": 39 }
      },
      "10": {
        "start": { "line": 20, "column": 4 },
        "end": { "line": 20, "column": 64 }
      }
    },
    "fnMap": {
      "0": {
        "name": "updateDimensions",
        "decl": {
          "start": { "line": 11, "column": 16 },
          "end": { "line": 11, "column": 32 }
        },
        "loc": {
          "start": { "line": 11, "column": 32 },
          "end": { "line": 22, "column": 1 }
        }
      }
    },
    "branchMap": {
      "0": {
        "loc": {
          "start": { "line": 6, "column": 2 },
          "end": { "line": 6, "column": 77 }
        },
        "type": "binary-expr",
        "locations": [
          {
            "start": { "line": 6, "column": 2 },
            "end": { "line": 6, "column": 71 }
          },
          {
            "start": { "line": 6, "column": 75 },
            "end": { "line": 6, "column": 77 }
          }
        ]
      },
      "1": {
        "loc": {
          "start": { "line": 6, "column": 9 },
          "end": { "line": 6, "column": 70 }
        },
        "type": "cond-expr",
        "locations": [
          {
            "start": { "line": 6, "column": 63 },
            "end": { "line": 6, "column": 65 }
          },
          {
            "start": { "line": 6, "column": 63 },
            "end": { "line": 6, "column": 70 }
          }
        ]
      },
      "2": {
        "loc": {
          "start": { "line": 6, "column": 9 },
          "end": { "line": 6, "column": 65 }
        },
        "type": "binary-expr",
        "locations": [
          {
            "start": { "line": 6, "column": 9 },
            "end": { "line": 6, "column": 65 }
          },
          {
            "start": { "line": 6, "column": 63 },
            "end": { "line": 6, "column": 65 }
          }
        ]
      },
      "3": {
        "loc": {
          "start": { "line": 8, "column": 2 },
          "end": { "line": 8, "column": 78 }
        },
        "type": "binary-expr",
        "locations": [
          {
            "start": { "line": 8, "column": 2 },
            "end": { "line": 8, "column": 72 }
          },
          {
            "start": { "line": 8, "column": 76 },
            "end": { "line": 8, "column": 78 }
          }
        ]
      },
      "4": {
        "loc": {
          "start": { "line": 8, "column": 9 },
          "end": { "line": 8, "column": 71 }
        },
        "type": "cond-expr",
        "locations": [
          {
            "start": { "line": 8, "column": 64 },
            "end": { "line": 8, "column": 66 }
          },
          {
            "start": { "line": 8, "column": 64 },
            "end": { "line": 8, "column": 71 }
          }
        ]
      },
      "5": {
        "loc": {
          "start": { "line": 8, "column": 9 },
          "end": { "line": 8, "column": 66 }
        },
        "type": "binary-expr",
        "locations": [
          {
            "start": { "line": 8, "column": 9 },
            "end": { "line": 8, "column": 66 }
          },
          {
            "start": { "line": 8, "column": 64 },
            "end": { "line": 8, "column": 66 }
          }
        ]
      },
      "6": {
        "loc": {
          "start": { "line": 15, "column": 2 },
          "end": { "line": 21, "column": 3 }
        },
        "type": "if",
        "locations": [
          {
            "start": { "line": 15, "column": 2 },
            "end": { "line": 21, "column": 3 }
          },
          {
            "start": { "line": 19, "column": 9 },
            "end": { "line": 21, "column": 3 }
          }
        ]
      },
      "7": {
        "loc": {
          "start": { "line": 15, "column": 6 },
          "end": { "line": 15, "column": 31 }
        },
        "type": "binary-expr",
        "locations": [
          {
            "start": { "line": 15, "column": 6 },
            "end": { "line": 15, "column": 16 }
          },
          {
            "start": { "line": 15, "column": 20 },
            "end": { "line": 15, "column": 31 }
          }
        ]
      }
    },
    "s": {
      "0": 4,
      "1": 4,
      "2": 4,
      "3": 4,
      "4": 4,
      "5": 1,
      "6": 1,
      "7": 1,
      "8": 1,
      "9": 1,
      "10": 0
    },
    "f": { "0": 1 },
    "b": {
      "0": [4, 4],
      "1": [4, 0],
      "2": [4, 0],
      "3": [4, 4],
      "4": [4, 0],
      "5": [4, 0],
      "6": [1, 0],
      "7": [1, 1]
    }
  }
}
