TN:
SF:src\events.ts
FN:7,(anonymous_0)
FN:15,(anonymous_1)
FN:19,(anonymous_2)
FN:31,(anonymous_3)
FN:35,(anonymous_4)
FN:38,(anonymous_5)
FN:44,(anonymous_6)
FN:48,(anonymous_7)
FN:58,(anonymous_8)
FN:61,(anonymous_9)
FNF:10
FNH:8
FNDA:6,(anonymous_0)
FNDA:6,(anonymous_1)
FNDA:2,(anonymous_2)
FNDA:6,(anonymous_3)
FNDA:2,(anonymous_4)
FNDA:0,(anonymous_5)
FNDA:6,(anonymous_6)
FNDA:1,(anonymous_7)
FNDA:7,(anonymous_8)
FNDA:0,(anonymous_9)
DA:2,1
DA:4,1
DA:8,6
DA:9,6
DA:10,6
DA:11,6
DA:12,6
DA:16,6
DA:17,6
DA:19,6
DA:20,2
DA:21,2
DA:22,1
DA:23,1
DA:24,1
DA:25,1
DA:26,1
DA:32,6
DA:33,6
DA:35,6
DA:36,2
DA:38,1
DA:39,0
DA:45,6
DA:46,6
DA:48,6
DA:49,1
DA:50,1
DA:51,1
DA:52,1
DA:54,1
DA:59,7
DA:60,7
DA:61,6
DA:62,0
DA:65,0
DA:68,0
DA:71,1
LF:38
LH:34
BRDA:17,0,0,0
BRDA:21,1,0,1
BRDA:33,2,0,0
BRDA:36,3,0,1
BRDA:46,4,0,0
BRDA:50,5,0,1
BRDA:60,6,0,6
BRDA:60,6,1,1
BRF:8
BRH:5
end_of_record
TN:
SF:src\gameOfLife.ts
FN:10,(anonymous_0)
FN:14,(anonymous_1)
FN:21,(anonymous_2)
FN:22,(anonymous_3)
FN:23,(anonymous_4)
FN:51,(anonymous_5)
FN:60,(anonymous_6)
FN:72,(anonymous_7)
FN:95,(anonymous_8)
FN:100,(anonymous_9)
FN:113,(anonymous_10)
FN:121,(anonymous_11)
FN:127,(anonymous_12)
FN:150,(anonymous_13)
FN:153,(anonymous_14)
FN:155,(anonymous_15)
FN:162,(anonymous_16)
FN:165,(anonymous_17)
FN:167,(anonymous_18)
FN:179,(anonymous_19)
FN:182,(anonymous_20)
FN:186,(anonymous_21)
FN:194,(anonymous_22)
FNF:23
FNH:17
FNDA:7,(anonymous_0)
FNDA:70,(anonymous_1)
FNDA:1,(anonymous_2)
FNDA:10,(anonymous_3)
FNDA:10,(anonymous_4)
FNDA:0,(anonymous_5)
FNDA:1,(anonymous_6)
FNDA:18,(anonymous_7)
FNDA:0,(anonymous_8)
FNDA:0,(anonymous_9)
FNDA:0,(anonymous_10)
FNDA:14,(anonymous_11)
FNDA:2,(anonymous_12)
FNDA:15,(anonymous_13)
FNDA:7,(anonymous_14)
FNDA:0,(anonymous_15)
FNDA:14,(anonymous_16)
FNDA:2,(anonymous_17)
FNDA:20,(anonymous_18)
FNDA:14,(anonymous_19)
FNDA:2,(anonymous_20)
FNDA:0,(anonymous_21)
FNDA:14,(anonymous_22)
DA:1,1
DA:2,1
DA:4,1
DA:11,7
DA:12,7
DA:13,7
DA:14,7
DA:15,70
DA:17,7
DA:22,10
DA:23,1
DA:24,10
DA:28,1
DA:29,10
DA:30,100
DA:32,100
DA:33,3
DA:34,2
DA:35,2
DA:37,97
DA:38,2
DA:42,1
DA:43,1
DA:45,1
DA:46,0
DA:52,0
DA:53,0
DA:54,0
DA:56,0
DA:61,1
DA:62,2
DA:63,11
DA:64,1
DA:68,0
DA:73,18
DA:74,18
DA:75,18
DA:76,18
DA:77,18
DA:78,180
DA:79,180
DA:80,1800
DA:81,1800
DA:82,2
DA:84,1798
DA:87,1800
DA:89,180
DA:91,18
DA:96,0
DA:97,0
DA:99,0
DA:100,0
DA:101,0
DA:105,0
DA:106,0
DA:107,0
DA:112,0
DA:113,0
DA:114,0
DA:116,0
DA:117,0
DA:122,14
DA:123,14
DA:124,14
DA:125,14
DA:127,14
DA:128,2
DA:129,2
DA:130,1
DA:133,1
DA:137,1
DA:138,1
DA:141,1
DA:142,1
DA:143,1
DA:151,15
DA:152,15
DA:153,15
DA:154,7
DA:155,2
DA:156,0
DA:163,14
DA:164,14
DA:165,14
DA:166,2
DA:167,2
DA:168,20
DA:170,2
DA:171,0
DA:172,0
DA:174,2
DA:180,14
DA:181,14
DA:182,14
DA:183,2
DA:184,2
DA:185,0
DA:186,0
DA:187,0
DA:195,14
DA:196,14
DA:197,14
DA:198,14
DA:199,14
LF:104
LH:79
BRDA:32,0,0,3
BRDA:32,0,1,97
BRDA:33,1,0,2
BRDA:33,2,0,3
BRDA:33,2,1,1
BRDA:37,3,0,2
BRDA:37,4,0,97
BRDA:37,4,1,97
BRDA:45,5,0,0
BRDA:52,6,0,0
BRDA:63,7,0,1
BRDA:74,8,0,0
BRDA:81,9,0,2
BRDA:81,9,1,1798
BRDA:81,10,0,1800
BRDA:81,10,1,1800
BRDA:85,11,0,4
BRDA:85,11,1,1794
BRDA:123,12,0,0
BRDA:127,13,0,0
BRDA:127,13,1,14
BRDA:127,14,0,14
BRDA:127,14,1,14
BRDA:129,15,0,1
BRDA:141,16,0,1
BRDA:141,17,0,1
BRDA:141,17,1,1
BRDA:141,17,2,1
BRDA:141,17,3,1
BRDA:152,18,0,0
BRDA:154,19,0,5
BRDA:164,20,0,0
BRDA:170,21,0,0
BRDA:181,22,0,0
BRDA:184,23,0,0
BRF:35
BRH:25
end_of_record
TN:
SF:src\grid.ts
FN:9,(anonymous_0)
FN:15,(anonymous_1)
FN:16,(anonymous_2)
FN:19,(anonymous_3)
FN:25,(anonymous_4)
FN:48,(anonymous_5)
FN:52,(anonymous_6)
FN:66,(anonymous_7)
FNF:8
FNH:6
FNDA:10,(anonymous_0)
FNDA:13,(anonymous_1)
FNDA:130,(anonymous_2)
FNDA:12,(anonymous_3)
FNDA:104,(anonymous_4)
FNDA:3,(anonymous_5)
FNDA:0,(anonymous_6)
FNDA:0,(anonymous_7)
DA:4,2
DA:10,10
DA:11,10
DA:12,10
DA:16,130
DA:20,12
DA:21,12
DA:26,104
DA:27,104
DA:38,104
DA:39,832
DA:40,832
DA:41,832
DA:42,705
DA:45,104
DA:49,3
DA:53,0
DA:55,0
DA:56,0
DA:57,0
DA:61,0
DA:62,0
DA:63,0
DA:67,0
LF:24
LH:16
BRDA:20,0,0,12
BRDA:20,1,0,12
BRDA:20,1,1,12
BRDA:21,2,0,1
BRDA:21,2,1,11
BRDA:41,3,0,705
BRDA:41,4,0,832
BRDA:41,4,1,796
BRDA:41,4,2,766
BRDA:41,4,3,733
BRDA:67,5,0,0
BRDA:67,5,1,0
BRDA:67,5,2,0
BRDA:67,5,3,0
BRF:14
BRH:10
end_of_record
TN:
SF:src\size.ts
FN:10,updateDimensions
FNF:1
FNH:1
FNDA:1,updateDimensions
DA:5,4
DA:7,4
DA:10,4
DA:11,1
DA:12,1
DA:14,1
DA:16,1
DA:17,1
DA:19,0
DA:23,4
LF:10
LH:9
BRDA:5,0,0,4
BRDA:5,0,1,4
BRDA:5,1,0,4
BRDA:5,1,1,0
BRDA:5,2,0,4
BRDA:5,2,1,0
BRDA:7,3,0,4
BRDA:7,3,1,4
BRDA:7,4,0,4
BRDA:7,4,1,0
BRDA:7,5,0,4
BRDA:7,5,1,0
BRDA:14,6,0,1
BRDA:14,6,1,0
BRDA:14,7,0,1
BRDA:14,7,1,1
BRF:16
BRH:11
end_of_record
