TN:
SF:src\events.ts
FN:7,(anonymous_0)
FN:15,(anonymous_1)
FN:19,(anonymous_2)
FN:31,(anonymous_3)
FN:35,(anonymous_4)
FN:38,(anonymous_5)
FN:44,(anonymous_6)
FN:48,(anonymous_7)
FN:58,(anonymous_8)
FN:61,(anonymous_9)
FNF:10
FNH:9
FNDA:7,(anonymous_0)
FNDA:7,(anonymous_1)
FNDA:2,(anonymous_2)
FNDA:7,(anonymous_3)
FNDA:2,(anonymous_4)
FNDA:0,(anonymous_5)
FNDA:7,(anonymous_6)
FNDA:1,(anonymous_7)
FNDA:8,(anonymous_8)
FNDA:1,(anonymous_9)
DA:2,1
DA:4,1
DA:8,7
DA:9,7
DA:10,7
DA:11,7
DA:12,7
DA:16,7
DA:17,7
DA:19,7
DA:20,2
DA:21,2
DA:22,1
DA:23,1
DA:24,1
DA:25,1
DA:26,1
DA:32,7
DA:33,7
DA:35,7
DA:36,2
DA:38,1
DA:39,0
DA:45,7
DA:46,7
DA:48,7
DA:49,1
DA:50,1
DA:51,1
DA:52,1
DA:54,1
DA:59,8
DA:60,8
DA:61,7
DA:62,1
DA:63,1
DA:66,1
LF:37
LH:36
BRDA:17,0,0,0
BRDA:21,1,0,1
BRDA:33,2,0,0
BRDA:36,3,0,1
BRDA:46,4,0,0
BRDA:50,5,0,1
BRDA:60,6,0,7
BRDA:60,6,1,1
BRF:8
BRH:5
end_of_record
TN:
SF:src\gameOfLife.ts
FN:8,(anonymous_0)
FN:14,(anonymous_1)
FN:15,(anonymous_2)
FN:57,(anonymous_3)
FN:62,(anonymous_4)
FN:64,(anonymous_5)
FN:74,(anonymous_6)
FN:79,(anonymous_7)
FN:83,(anonymous_8)
FN:97,(anonymous_9)
FN:101,(anonymous_10)
FN:104,(anonymous_11)
FN:110,(anonymous_12)
FN:114,(anonymous_13)
FN:124,(anonymous_14)
FN:128,(anonymous_15)
FN:132,(anonymous_16)
FN:139,(anonymous_17)
FNF:18
FNH:15
FNDA:10,(anonymous_0)
FNDA:4,(anonymous_1)
FNDA:19,(anonymous_2)
FNDA:16,(anonymous_3)
FNDA:139,(anonymous_4)
FNDA:1327,(anonymous_5)
FNDA:0,(anonymous_6)
FNDA:10,(anonymous_7)
FNDA:2,(anonymous_8)
FNDA:11,(anonymous_9)
FNDA:4,(anonymous_10)
FNDA:0,(anonymous_11)
FNDA:10,(anonymous_12)
FNDA:1,(anonymous_13)
FNDA:10,(anonymous_14)
FNDA:1,(anonymous_15)
FNDA:0,(anonymous_16)
FNDA:10,(anonymous_17)
DA:1,1
DA:2,1
DA:4,1
DA:9,10
DA:10,10
DA:11,10
DA:15,19
DA:17,4
DA:18,40
DA:19,400
DA:21,400
DA:22,10
DA:23,2
DA:25,390
DA:26,3
DA:31,4
DA:32,4
DA:58,16
DA:59,16
DA:60,16
DA:61,16
DA:62,16
DA:63,139
DA:64,139
DA:65,1327
DA:66,1327
DA:67,1327
DA:69,139
DA:71,16
DA:75,0
DA:76,0
DA:80,10
DA:81,10
DA:83,10
DA:84,2
DA:85,2
DA:86,1
DA:89,1
DA:90,1
DA:91,1
DA:92,1
DA:98,11
DA:99,11
DA:101,11
DA:102,4
DA:104,2
DA:105,0
DA:111,10
DA:112,10
DA:114,10
DA:115,1
DA:116,1
DA:117,0
DA:118,0
DA:120,1
DA:125,10
DA:126,10
DA:128,10
DA:129,1
DA:130,1
DA:131,0
DA:132,0
DA:133,0
DA:140,10
DA:141,10
DA:142,10
DA:143,10
DA:144,10
LF:68
LH:60
BRDA:21,0,0,10
BRDA:21,0,1,390
BRDA:21,1,0,400
BRDA:21,1,1,190
BRDA:22,2,0,2
BRDA:22,3,0,10
BRDA:22,3,1,8
BRDA:25,4,0,3
BRDA:25,5,0,390
BRDA:25,5,1,180
BRDA:25,5,2,117
BRDA:59,6,0,0
BRDA:66,7,0,12
BRDA:66,7,1,1315
BRDA:81,8,0,0
BRDA:85,9,0,1
BRDA:99,10,0,0
BRDA:102,11,0,2
BRDA:112,12,0,0
BRDA:116,13,0,0
BRDA:126,14,0,0
BRDA:130,15,0,0
BRF:22
BRH:15
end_of_record
TN:
SF:src\grid.ts
FN:7,(anonymous_0)
FN:11,(anonymous_1)
FN:12,(anonymous_2)
FN:15,(anonymous_3)
FN:19,(anonymous_4)
FN:49,(anonymous_5)
FNF:6
FNH:6
FNDA:14,(anonymous_0)
FNDA:17,(anonymous_1)
FNDA:170,(anonymous_2)
FNDA:12,(anonymous_3)
FNDA:404,(anonymous_4)
FNDA:2,(anonymous_5)
DA:4,2
DA:8,14
DA:12,170
DA:16,12
DA:20,404
DA:31,404
DA:33,404
DA:34,3232
DA:35,3232
DA:36,3232
DA:42,870
DA:46,404
DA:50,2
LF:13
LH:13
BRDA:16,0,0,1
BRDA:16,0,1,11
BRDA:36,1,0,870
BRDA:37,2,0,3232
BRDA:37,2,1,3106
BRDA:37,2,2,1396
BRDA:37,2,3,1339
BRF:7
BRH:7
end_of_record
TN:
SF:src\size.ts
FN:11,updateDimensions
FNF:1
FNH:1
FNDA:1,updateDimensions
DA:6,4
DA:8,4
DA:11,4
DA:12,1
DA:13,1
DA:15,1
DA:17,1
DA:18,1
DA:20,0
DA:25,4
LF:10
LH:9
BRDA:6,0,0,4
BRDA:6,0,1,4
BRDA:6,1,0,4
BRDA:6,1,1,0
BRDA:6,2,0,4
BRDA:6,2,1,0
BRDA:8,3,0,4
BRDA:8,3,1,4
BRDA:8,4,0,4
BRDA:8,4,1,0
BRDA:8,5,0,4
BRDA:8,5,1,0
BRDA:15,6,0,1
BRDA:15,6,1,0
BRDA:15,7,0,1
BRDA:15,7,1,1
BRF:16
BRH:11
end_of_record
